<?xml version="1.0" encoding="UTF-8"?>
<!-- Generated by org.testng.reporters.JUnitXMLReporter -->
<testsuite ignored="0" hostname="DESKTOP-7S4JQ9S" failures="0" tests="4" name="Default test" time="5.186" errors="0" timestamp="2026-06-08T15:55:45 IST">
  <testcase classname="tests.UserTests" name="deleteUserAccount" time="2.627"/>
  <testcase classname="tests.UserTests" name="createUserTest" time="0.971"/>
  <testcase classname="tests.UserTests" name="getProductsList" time="0.596"/>
  <testcase classname="tests.UserTests" name="updateProduct" time="0.55"/>
</testsuite> <!-- Default test -->
