<?xml version="1.0" encoding="UTF-8"?>
<!-- Generated by org.testng.reporters.JUnitXMLReporter -->
<testsuite ignored="0" hostname="DESKTOP-7S4JQ9S" failures="0" tests="4" name="Test" time="5.649" errors="0" timestamp="2026-06-08T16:03:14 IST">
  <testcase classname="tests.UserTests" name="deleteUserAccount" time="2.945"/>
  <testcase classname="tests.UserTests" name="createUserTest" time="1.008"/>
  <testcase classname="tests.UserTests" name="getProductsList" time="0.575"/>
  <testcase classname="tests.UserTests" name="updateProduct" time="0.621"/>
</testsuite> <!-- Test -->
