<?xml version="1.0" encoding="UTF-8"?>
<testng-results ignored="0" total="1" passed="1" failed="0" skipped="0">
  <reporter-output>
  </reporter-output>
  <suite started-at="2026-05-25T16:22:14 IST" name="Default suite" finished-at="2026-05-25T16:22:17 IST" duration-ms="2659">
    <groups>
    </groups>
    <test started-at="2026-05-25T16:22:14 IST" name="Default test" finished-at="2026-05-25T16:22:17 IST" duration-ms="2659">
      <class name="tests.UserTests">
        <test-method is-config="true" signature="setup()[pri:0, instance:tests.UserTests@3e694b3f]" started-at="2026-05-25T16:22:14 IST" name="setup" finished-at="2026-05-25T16:22:15 IST" duration-ms="364" status="PASS">
          <reporter-output>
          </reporter-output>
        </test-method> <!-- setup -->
        <test-method signature="updateProduct()[pri:3, instance:tests.UserTests@3e694b3f]" started-at="2026-05-25T16:22:15 IST" name="updateProduct" finished-at="2026-05-25T16:22:17 IST" duration-ms="2253" status="PASS">
          <reporter-output>
          </reporter-output>
        </test-method> <!-- updateProduct -->
      </class> <!-- tests.UserTests -->
    </test> <!-- Default test -->
  </suite> <!-- Default suite -->
</testng-results>
